<?xml version="1.0" encoding="UTF-8"?>
<!-- Generated by org.testng.reporters.JUnitReportReporter -->
<testsuite hostname="LTIN305959" failures="0" tests="1" name="coreJava.PS1" time="0.041" errors="0" timestamp="2024-01-22T12:07:42 IST" skipped="0">
  <testcase classname="coreJava.PS1" name="testRun" time="0.041"/>
</testsuite> <!-- coreJava.PS1 -->
