<?xml version="1.0" encoding="UTF-8"?>
<!-- Generated by org.testng.reporters.JUnitReportReporter -->
<testsuite hostname="LTIN305959" failures="0" tests="1" name="test.day2" time="0.002" errors="0" timestamp="2023-07-17T16:25:48 IST" skipped="0">
  <testcase classname="test.day2" name="ploan" time="0.002"/>
</testsuite> <!-- test.day2 -->
