<?xml version="1.0" encoding="UTF-8"?>
<!-- Generated by org.testng.reporters.JUnitReportReporter -->
<testsuite hostname="LTIN305959" failures="0" tests="1" name="javaStreams.javaStreams" time="0.015" errors="0" timestamp="2023-07-04T16:22:24 IST" skipped="0">
  <testcase classname="javaStreams.javaStreams" name="streamCollect" time="0.015"/>
  <system-out/>
</testsuite> <!-- javaStreams.javaStreams -->
