<?xml version="1.0" encoding="UTF-8"?>
<!-- Generated by org.testng.reporters.JUnitReportReporter -->
<testsuite hostname="LTIN305959" failures="0" tests="1" name="preethiAcademy.ExtentReports.Search" time="16.648" errors="0" timestamp="2023-08-17T15:58:11 IST" skipped="0">
  <testcase classname="preethiAcademy.ExtentReports.Search" name="googleSearch" time="16.648"/>
</testsuite> <!-- preethiAcademy.ExtentReports.Search -->
