<?xml version="1.0" encoding="UTF-8"?>
<!-- Generated by org.testng.reporters.JUnitReportReporter -->
<testsuite hostname="LTIN305959" failures="0" tests="1" name="preethiAcademy.ExtentReports.ExtentReportDemo" time="6.912" errors="0" timestamp="2023-08-17T15:54:21 IST" skipped="0">
  <testcase classname="preethiAcademy.ExtentReports.ExtentReportDemo" name="intialDemo" time="6.912"/>
</testsuite> <!-- preethiAcademy.ExtentReports.ExtentReportDemo -->
